{"/Users/chrisanderson/web dev/projects/final-group-proj/04-finalproj-4amigos-server/src/app.js": {"path":"/Users/chrisanderson/web dev/projects/final-group-proj/04-finalproj-4amigos-server/src/app.js","statementMap":{"0":{"start":{"line":1,"column":16},"end":{"line":1,"column":34}},"1":{"start":{"line":2,"column":13},"end":{"line":2,"column":28}},"2":{"start":{"line":4,"column":12},"end":{"line":4,"column":21}},"3":{"start":{"line":7,"column":0},"end":{"line":7,"column":24}},"4":{"start":{"line":8,"column":0},"end":{"line":8,"column":16}},"5":{"start":{"line":11,"column":16},"end":{"line":11,"column":38}},"6":{"start":{"line":14,"column":0},"end":{"line":16,"column":3}},"7":{"start":{"line":15,"column":2},"end":{"line":15,"column":39}},"8":{"start":{"line":19,"column":0},"end":{"line":21,"column":3}},"9":{"start":{"line":20,"column":2},"end":{"line":20,"column":49}},"10":{"start":{"line":24,"column":0},"end":{"line":26,"column":3}},"11":{"start":{"line":25,"column":2},"end":{"line":25,"column":30}},"12":{"start":{"line":29,"column":0},"end":{"line":31,"column":3}},"13":{"start":{"line":30,"column":2},"end":{"line":30,"column":31}},"14":{"start":{"line":33,"column":0},"end":{"line":33,"column":21}}},"fnMap":{"0":{"name":"(anonymous_0)","decl":{"start":{"line":14,"column":16},"end":{"line":14,"column":17}},"loc":{"start":{"line":14,"column":36},"end":{"line":16,"column":1}},"line":14},"1":{"name":"(anonymous_1)","decl":{"start":{"line":19,"column":28},"end":{"line":19,"column":29}},"loc":{"start":{"line":19,"column":48},"end":{"line":21,"column":1}},"line":19},"2":{"name":"(anonymous_2)","decl":{"start":{"line":24,"column":24},"end":{"line":24,"column":25}},"loc":{"start":{"line":24,"column":44},"end":{"line":26,"column":1}},"line":24},"3":{"name":"(anonymous_3)","decl":{"start":{"line":29,"column":28},"end":{"line":29,"column":29}},"loc":{"start":{"line":29,"column":48},"end":{"line":31,"column":1}},"line":29}},"branchMap":{},"s":{"0":1,"1":1,"2":1,"3":1,"4":1,"5":1,"6":1,"7":1,"8":1,"9":0,"10":1,"11":0,"12":1,"13":0,"14":1},"f":{"0":1,"1":0,"2":0,"3":0},"b":{},"_coverageSchema":"1a1c01bbd47fc00a2c39e90264f33305004495a9","hash":"0117361bc49ddf67a822467a3b5b7318d97126ac"}
,"/Users/chrisanderson/web dev/projects/final-group-proj/04-finalproj-4amigos-server/src/services/db.js": {"path":"/Users/chrisanderson/web dev/projects/final-group-proj/04-finalproj-4amigos-server/src/services/db.js","statementMap":{"0":{"start":{"line":1,"column":17},"end":{"line":1,"column":30}},"1":{"start":{"line":3,"column":13},"end":{"line":9,"column":2}},"2":{"start":{"line":11,"column":0},"end":{"line":11,"column":22}}},"fnMap":{},"branchMap":{},"s":{"0":1,"1":1,"2":1},"f":{},"b":{},"_coverageSchema":"1a1c01bbd47fc00a2c39e90264f33305004495a9","hash":"ae79198775bdb1a53d92585bc734064484c71bc1"}
,"/Users/chrisanderson/web dev/projects/final-group-proj/04-finalproj-4amigos-server/src/services/subjectdb.js": {"path":"/Users/chrisanderson/web dev/projects/final-group-proj/04-finalproj-4amigos-server/src/services/subjectdb.js","statementMap":{"0":{"start":{"line":1,"column":13},"end":{"line":1,"column":28}},"1":{"start":{"line":4,"column":21},"end":{"line":10,"column":1}},"2":{"start":{"line":5,"column":20},"end":{"line":8,"column":3}},"3":{"start":{"line":9,"column":2},"end":{"line":9,"column":19}},"4":{"start":{"line":12,"column":23},"end":{"line":17,"column":1}},"5":{"start":{"line":13,"column":21},"end":{"line":15,"column":3}},"6":{"start":{"line":16,"column":2},"end":{"line":16,"column":20}},"7":{"start":{"line":19,"column":26},"end":{"line":24,"column":1}},"8":{"start":{"line":20,"column":24},"end":{"line":22,"column":3}},"9":{"start":{"line":23,"column":2},"end":{"line":23,"column":23}},"10":{"start":{"line":31,"column":0},"end":{"line":35,"column":2}}},"fnMap":{"0":{"name":"(anonymous_0)","decl":{"start":{"line":4,"column":21},"end":{"line":4,"column":22}},"loc":{"start":{"line":4,"column":33},"end":{"line":10,"column":1}},"line":4},"1":{"name":"(anonymous_1)","decl":{"start":{"line":12,"column":23},"end":{"line":12,"column":24}},"loc":{"start":{"line":12,"column":35},"end":{"line":17,"column":1}},"line":12},"2":{"name":"(anonymous_2)","decl":{"start":{"line":19,"column":26},"end":{"line":19,"column":27}},"loc":{"start":{"line":19,"column":38},"end":{"line":24,"column":1}},"line":19}},"branchMap":{},"s":{"0":1,"1":1,"2":1,"3":0,"4":1,"5":1,"6":0,"7":1,"8":1,"9":0,"10":1},"f":{"0":1,"1":1,"2":1},"b":{},"_coverageSchema":"1a1c01bbd47fc00a2c39e90264f33305004495a9","hash":"1b3848586a174033a793b902ed31cf4f30b37718"}
}
