TN:
SF:src/app.js
FN:14,(anonymous_0)
FN:19,(anonymous_1)
FN:24,(anonymous_2)
FN:29,(anonymous_3)
FNF:4
FNH:1
FNDA:1,(anonymous_0)
FNDA:0,(anonymous_1)
FNDA:0,(anonymous_2)
FNDA:0,(anonymous_3)
DA:1,1
DA:2,1
DA:4,1
DA:7,1
DA:8,1
DA:11,1
DA:14,1
DA:15,1
DA:19,1
DA:20,0
DA:24,1
DA:25,0
DA:29,1
DA:30,0
DA:33,1
LF:15
LH:12
BRF:0
BRH:0
end_of_record
TN:
SF:src/services/db.js
FNF:0
FNH:0
DA:1,1
DA:3,1
DA:11,1
LF:3
LH:3
BRF:0
BRH:0
end_of_record
TN:
SF:src/services/subjectdb.js
FN:4,(anonymous_0)
FN:12,(anonymous_1)
FN:19,(anonymous_2)
FNF:3
FNH:3
FNDA:2,(anonymous_0)
FNDA:1,(anonymous_1)
FNDA:1,(anonymous_2)
DA:1,1
DA:4,1
DA:5,2
DA:9,0
DA:12,1
DA:13,1
DA:16,0
DA:19,1
DA:20,1
DA:23,0
DA:31,1
LF:11
LH:8
BRF:0
BRH:0
end_of_record
